[0.560s] DEBUG:colcon:Command line arguments: ['/usr/bin/colcon', 'list', '-p', '--base-paths', '/home/zyme/ros_ws/gyro/Gyro_micro_ros']
[0.560s] DEBUG:colcon:Parsed command line arguments: Namespace(log_base=None, log_level=None, verb_name='list', build_base='build', ignore_user_meta=False, metas=['./colcon.meta'], base_paths=['/home/zyme/ros_ws/gyro/Gyro_micro_ros'], packages_ignore=None, packages_ignore_regex=None, paths=None, packages_up_to=None, packages_up_to_regex=None, packages_above=None, packages_above_and_dependencies=None, packages_above_depth=None, packages_select_by_dep=None, packages_skip_by_dep=None, packages_skip_up_to=None, packages_select_build_failed=False, packages_skip_build_finished=False, packages_select_test_failures=False, packages_skip_test_passed=False, packages_select=None, packages_skip=None, packages_select_regex=None, packages_skip_regex=None, packages_start=None, packages_end=None, allow_overriding=[], topological_order=False, names_only=False, paths_only=True, topological_graph=False, topological_graph_dot=False, topological_graph_density=False, topological_graph_legend=False, topological_graph_dot_cluster=False, topological_graph_dot_include_skipped=False, mixin_files=None, mixin=None, verb_parser=<colcon_mixin.mixin.mixin_argument.MixinArgumentDecorator object at 0x7f1066ae9cc0>, verb_extension=<colcon_package_information.verb.list.ListVerb object at 0x7f1066ae8a60>, main=<bound method ListVerb.main of <colcon_package_information.verb.list.ListVerb object at 0x7f1066ae8a60>>, mixin_verb=('list',))
[0.599s] Level 1:colcon.colcon_core.package_discovery:discover_packages(colcon_meta) check parameters
[0.599s] Level 1:colcon.colcon_core.package_discovery:discover_packages(recursive) check parameters
[0.599s] Level 1:colcon.colcon_core.package_discovery:discover_packages(ignore) check parameters
[0.599s] Level 1:colcon.colcon_core.package_discovery:discover_packages(path) check parameters
[0.599s] Level 1:colcon.colcon_core.package_discovery:discover_packages(recursive) discover
[0.599s] INFO:colcon.colcon_core.package_discovery:Crawling recursively for packages in '/home/zyme/ros_ws/gyro/Gyro_micro_ros'
[0.599s] Level 1:colcon.colcon_core.package_identification:_identify(/home/zyme/ros_ws/gyro/Gyro_micro_ros) by extensions ['ignore', 'ignore_ament_install']
[0.600s] Level 1:colcon.colcon_core.package_identification:_identify(/home/zyme/ros_ws/gyro/Gyro_micro_ros) by extension 'ignore'
[0.600s] Level 1:colcon.colcon_core.package_identification:_identify(/home/zyme/ros_ws/gyro/Gyro_micro_ros) by extension 'ignore_ament_install'
[0.600s] Level 1:colcon.colcon_core.package_identification:_identify(/home/zyme/ros_ws/gyro/Gyro_micro_ros) by extensions ['colcon_pkg']
[0.600s] Level 1:colcon.colcon_core.package_identification:_identify(/home/zyme/ros_ws/gyro/Gyro_micro_ros) by extension 'colcon_pkg'
[0.600s] Level 1:colcon.colcon_core.package_identification:_identify(/home/zyme/ros_ws/gyro/Gyro_micro_ros) by extensions ['colcon_meta']
[0.600s] Level 1:colcon.colcon_core.package_identification:_identify(/home/zyme/ros_ws/gyro/Gyro_micro_ros) by extension 'colcon_meta'
[0.600s] Level 1:colcon.colcon_core.package_identification:_identify(/home/zyme/ros_ws/gyro/Gyro_micro_ros) by extensions ['ros']
[0.600s] Level 1:colcon.colcon_core.package_identification:_identify(/home/zyme/ros_ws/gyro/Gyro_micro_ros) by extension 'ros'
[0.615s] Level 1:colcon.colcon_core.package_identification:_identify(/home/zyme/ros_ws/gyro/Gyro_micro_ros) by extensions ['cmake', 'python']
[0.615s] Level 1:colcon.colcon_core.package_identification:_identify(/home/zyme/ros_ws/gyro/Gyro_micro_ros) by extension 'cmake'
[0.616s] Level 1:colcon.colcon_core.package_identification:_identify(/home/zyme/ros_ws/gyro/Gyro_micro_ros) by extension 'python'
[0.616s] Level 1:colcon.colcon_core.package_identification:_identify(/home/zyme/ros_ws/gyro/Gyro_micro_ros) by extensions ['python_setup_py']
[0.616s] Level 1:colcon.colcon_core.package_identification:_identify(/home/zyme/ros_ws/gyro/Gyro_micro_ros) by extension 'python_setup_py'
[0.616s] Level 1:colcon.colcon_core.package_identification:_identify(/home/zyme/ros_ws/gyro/Gyro_micro_ros/log) by extensions ['ignore', 'ignore_ament_install']
[0.616s] Level 1:colcon.colcon_core.package_identification:_identify(/home/zyme/ros_ws/gyro/Gyro_micro_ros/log) by extension 'ignore'
[0.616s] Level 1:colcon.colcon_core.package_identification:_identify(/home/zyme/ros_ws/gyro/Gyro_micro_ros/log) ignored
[0.616s] Level 1:colcon.colcon_core.package_identification:_identify(/home/zyme/ros_ws/gyro/Gyro_micro_ros/src) by extensions ['ignore', 'ignore_ament_install']
[0.616s] Level 1:colcon.colcon_core.package_identification:_identify(/home/zyme/ros_ws/gyro/Gyro_micro_ros/src) by extension 'ignore'
[0.616s] Level 1:colcon.colcon_core.package_identification:_identify(/home/zyme/ros_ws/gyro/Gyro_micro_ros/src) by extension 'ignore_ament_install'
[0.616s] Level 1:colcon.colcon_core.package_identification:_identify(/home/zyme/ros_ws/gyro/Gyro_micro_ros/src) by extensions ['colcon_pkg']
[0.616s] Level 1:colcon.colcon_core.package_identification:_identify(/home/zyme/ros_ws/gyro/Gyro_micro_ros/src) by extension 'colcon_pkg'
[0.616s] Level 1:colcon.colcon_core.package_identification:_identify(/home/zyme/ros_ws/gyro/Gyro_micro_ros/src) by extensions ['colcon_meta']
[0.616s] Level 1:colcon.colcon_core.package_identification:_identify(/home/zyme/ros_ws/gyro/Gyro_micro_ros/src) by extension 'colcon_meta'
[0.616s] Level 1:colcon.colcon_core.package_identification:_identify(/home/zyme/ros_ws/gyro/Gyro_micro_ros/src) by extensions ['ros']
[0.616s] Level 1:colcon.colcon_core.package_identification:_identify(/home/zyme/ros_ws/gyro/Gyro_micro_ros/src) by extension 'ros'
[0.617s] Level 1:colcon.colcon_core.package_identification:_identify(/home/zyme/ros_ws/gyro/Gyro_micro_ros/src) by extensions ['cmake', 'python']
[0.617s] Level 1:colcon.colcon_core.package_identification:_identify(/home/zyme/ros_ws/gyro/Gyro_micro_ros/src) by extension 'cmake'
[0.617s] Level 1:colcon.colcon_core.package_identification:_identify(/home/zyme/ros_ws/gyro/Gyro_micro_ros/src) by extension 'python'
[0.617s] Level 1:colcon.colcon_core.package_identification:_identify(/home/zyme/ros_ws/gyro/Gyro_micro_ros/src) by extensions ['python_setup_py']
[0.617s] Level 1:colcon.colcon_core.package_identification:_identify(/home/zyme/ros_ws/gyro/Gyro_micro_ros/src) by extension 'python_setup_py'
[0.617s] Level 1:colcon.colcon_core.package_identification:_identify(/home/zyme/ros_ws/gyro/Gyro_micro_ros/src/firmware) by extensions ['ignore', 'ignore_ament_install']
[0.617s] Level 1:colcon.colcon_core.package_identification:_identify(/home/zyme/ros_ws/gyro/Gyro_micro_ros/src/firmware) by extension 'ignore'
[0.617s] Level 1:colcon.colcon_core.package_identification:_identify(/home/zyme/ros_ws/gyro/Gyro_micro_ros/src/firmware) by extension 'ignore_ament_install'
[0.617s] Level 1:colcon.colcon_core.package_identification:_identify(/home/zyme/ros_ws/gyro/Gyro_micro_ros/src/firmware) by extensions ['colcon_pkg']
[0.617s] Level 1:colcon.colcon_core.package_identification:_identify(/home/zyme/ros_ws/gyro/Gyro_micro_ros/src/firmware) by extension 'colcon_pkg'
[0.617s] Level 1:colcon.colcon_core.package_identification:_identify(/home/zyme/ros_ws/gyro/Gyro_micro_ros/src/firmware) by extensions ['colcon_meta']
[0.617s] Level 1:colcon.colcon_core.package_identification:_identify(/home/zyme/ros_ws/gyro/Gyro_micro_ros/src/firmware) by extension 'colcon_meta'
[0.617s] Level 1:colcon.colcon_core.package_identification:_identify(/home/zyme/ros_ws/gyro/Gyro_micro_ros/src/firmware) by extensions ['ros']
[0.617s] Level 1:colcon.colcon_core.package_identification:_identify(/home/zyme/ros_ws/gyro/Gyro_micro_ros/src/firmware) by extension 'ros'
[0.617s] Level 1:colcon.colcon_core.package_identification:_identify(/home/zyme/ros_ws/gyro/Gyro_micro_ros/src/firmware) by extensions ['cmake', 'python']
[0.617s] Level 1:colcon.colcon_core.package_identification:_identify(/home/zyme/ros_ws/gyro/Gyro_micro_ros/src/firmware) by extension 'cmake'
[0.617s] Level 1:colcon.colcon_core.package_identification:_identify(/home/zyme/ros_ws/gyro/Gyro_micro_ros/src/firmware) by extension 'python'
[0.617s] Level 1:colcon.colcon_core.package_identification:_identify(/home/zyme/ros_ws/gyro/Gyro_micro_ros/src/firmware) by extensions ['python_setup_py']
[0.617s] Level 1:colcon.colcon_core.package_identification:_identify(/home/zyme/ros_ws/gyro/Gyro_micro_ros/src/firmware) by extension 'python_setup_py'
[0.618s] Level 1:colcon.colcon_core.package_identification:_identify(/home/zyme/ros_ws/gyro/Gyro_micro_ros/src/firmware/Arduino Code) by extensions ['ignore', 'ignore_ament_install']
[0.618s] Level 1:colcon.colcon_core.package_identification:_identify(/home/zyme/ros_ws/gyro/Gyro_micro_ros/src/firmware/Arduino Code) by extension 'ignore'
[0.618s] Level 1:colcon.colcon_core.package_identification:_identify(/home/zyme/ros_ws/gyro/Gyro_micro_ros/src/firmware/Arduino Code) by extension 'ignore_ament_install'
[0.618s] Level 1:colcon.colcon_core.package_identification:_identify(/home/zyme/ros_ws/gyro/Gyro_micro_ros/src/firmware/Arduino Code) by extensions ['colcon_pkg']
[0.618s] Level 1:colcon.colcon_core.package_identification:_identify(/home/zyme/ros_ws/gyro/Gyro_micro_ros/src/firmware/Arduino Code) by extension 'colcon_pkg'
[0.618s] Level 1:colcon.colcon_core.package_identification:_identify(/home/zyme/ros_ws/gyro/Gyro_micro_ros/src/firmware/Arduino Code) by extensions ['colcon_meta']
[0.618s] Level 1:colcon.colcon_core.package_identification:_identify(/home/zyme/ros_ws/gyro/Gyro_micro_ros/src/firmware/Arduino Code) by extension 'colcon_meta'
[0.618s] Level 1:colcon.colcon_core.package_identification:_identify(/home/zyme/ros_ws/gyro/Gyro_micro_ros/src/firmware/Arduino Code) by extensions ['ros']
[0.618s] Level 1:colcon.colcon_core.package_identification:_identify(/home/zyme/ros_ws/gyro/Gyro_micro_ros/src/firmware/Arduino Code) by extension 'ros'
[0.618s] Level 1:colcon.colcon_core.package_identification:_identify(/home/zyme/ros_ws/gyro/Gyro_micro_ros/src/firmware/Arduino Code) by extensions ['cmake', 'python']
[0.618s] Level 1:colcon.colcon_core.package_identification:_identify(/home/zyme/ros_ws/gyro/Gyro_micro_ros/src/firmware/Arduino Code) by extension 'cmake'
[0.618s] Level 1:colcon.colcon_core.package_identification:_identify(/home/zyme/ros_ws/gyro/Gyro_micro_ros/src/firmware/Arduino Code) by extension 'python'
[0.618s] Level 1:colcon.colcon_core.package_identification:_identify(/home/zyme/ros_ws/gyro/Gyro_micro_ros/src/firmware/Arduino Code) by extensions ['python_setup_py']
[0.618s] Level 1:colcon.colcon_core.package_identification:_identify(/home/zyme/ros_ws/gyro/Gyro_micro_ros/src/firmware/Arduino Code) by extension 'python_setup_py'
[0.618s] Level 1:colcon.colcon_core.package_identification:_identify(/home/zyme/ros_ws/gyro/Gyro_micro_ros/src/firmware/include) by extensions ['ignore', 'ignore_ament_install']
[0.618s] Level 1:colcon.colcon_core.package_identification:_identify(/home/zyme/ros_ws/gyro/Gyro_micro_ros/src/firmware/include) by extension 'ignore'
[0.618s] Level 1:colcon.colcon_core.package_identification:_identify(/home/zyme/ros_ws/gyro/Gyro_micro_ros/src/firmware/include) by extension 'ignore_ament_install'
[0.618s] Level 1:colcon.colcon_core.package_identification:_identify(/home/zyme/ros_ws/gyro/Gyro_micro_ros/src/firmware/include) by extensions ['colcon_pkg']
[0.618s] Level 1:colcon.colcon_core.package_identification:_identify(/home/zyme/ros_ws/gyro/Gyro_micro_ros/src/firmware/include) by extension 'colcon_pkg'
[0.618s] Level 1:colcon.colcon_core.package_identification:_identify(/home/zyme/ros_ws/gyro/Gyro_micro_ros/src/firmware/include) by extensions ['colcon_meta']
[0.619s] Level 1:colcon.colcon_core.package_identification:_identify(/home/zyme/ros_ws/gyro/Gyro_micro_ros/src/firmware/include) by extension 'colcon_meta'
[0.619s] Level 1:colcon.colcon_core.package_identification:_identify(/home/zyme/ros_ws/gyro/Gyro_micro_ros/src/firmware/include) by extensions ['ros']
[0.619s] Level 1:colcon.colcon_core.package_identification:_identify(/home/zyme/ros_ws/gyro/Gyro_micro_ros/src/firmware/include) by extension 'ros'
[0.619s] Level 1:colcon.colcon_core.package_identification:_identify(/home/zyme/ros_ws/gyro/Gyro_micro_ros/src/firmware/include) by extensions ['cmake', 'python']
[0.619s] Level 1:colcon.colcon_core.package_identification:_identify(/home/zyme/ros_ws/gyro/Gyro_micro_ros/src/firmware/include) by extension 'cmake'
[0.619s] Level 1:colcon.colcon_core.package_identification:_identify(/home/zyme/ros_ws/gyro/Gyro_micro_ros/src/firmware/include) by extension 'python'
[0.619s] Level 1:colcon.colcon_core.package_identification:_identify(/home/zyme/ros_ws/gyro/Gyro_micro_ros/src/firmware/include) by extensions ['python_setup_py']
[0.619s] Level 1:colcon.colcon_core.package_identification:_identify(/home/zyme/ros_ws/gyro/Gyro_micro_ros/src/firmware/include) by extension 'python_setup_py'
[0.619s] Level 1:colcon.colcon_core.package_identification:_identify(/home/zyme/ros_ws/gyro/Gyro_micro_ros/src/firmware/lib) by extensions ['ignore', 'ignore_ament_install']
[0.619s] Level 1:colcon.colcon_core.package_identification:_identify(/home/zyme/ros_ws/gyro/Gyro_micro_ros/src/firmware/lib) by extension 'ignore'
[0.619s] Level 1:colcon.colcon_core.package_identification:_identify(/home/zyme/ros_ws/gyro/Gyro_micro_ros/src/firmware/lib) by extension 'ignore_ament_install'
[0.619s] Level 1:colcon.colcon_core.package_identification:_identify(/home/zyme/ros_ws/gyro/Gyro_micro_ros/src/firmware/lib) by extensions ['colcon_pkg']
[0.619s] Level 1:colcon.colcon_core.package_identification:_identify(/home/zyme/ros_ws/gyro/Gyro_micro_ros/src/firmware/lib) by extension 'colcon_pkg'
[0.619s] Level 1:colcon.colcon_core.package_identification:_identify(/home/zyme/ros_ws/gyro/Gyro_micro_ros/src/firmware/lib) by extensions ['colcon_meta']
[0.619s] Level 1:colcon.colcon_core.package_identification:_identify(/home/zyme/ros_ws/gyro/Gyro_micro_ros/src/firmware/lib) by extension 'colcon_meta'
[0.619s] Level 1:colcon.colcon_core.package_identification:_identify(/home/zyme/ros_ws/gyro/Gyro_micro_ros/src/firmware/lib) by extensions ['ros']
[0.619s] Level 1:colcon.colcon_core.package_identification:_identify(/home/zyme/ros_ws/gyro/Gyro_micro_ros/src/firmware/lib) by extension 'ros'
[0.619s] Level 1:colcon.colcon_core.package_identification:_identify(/home/zyme/ros_ws/gyro/Gyro_micro_ros/src/firmware/lib) by extensions ['cmake', 'python']
[0.619s] Level 1:colcon.colcon_core.package_identification:_identify(/home/zyme/ros_ws/gyro/Gyro_micro_ros/src/firmware/lib) by extension 'cmake'
[0.619s] Level 1:colcon.colcon_core.package_identification:_identify(/home/zyme/ros_ws/gyro/Gyro_micro_ros/src/firmware/lib) by extension 'python'
[0.620s] Level 1:colcon.colcon_core.package_identification:_identify(/home/zyme/ros_ws/gyro/Gyro_micro_ros/src/firmware/lib) by extensions ['python_setup_py']
[0.620s] Level 1:colcon.colcon_core.package_identification:_identify(/home/zyme/ros_ws/gyro/Gyro_micro_ros/src/firmware/lib) by extension 'python_setup_py'
[0.620s] Level 1:colcon.colcon_core.package_identification:_identify(/home/zyme/ros_ws/gyro/Gyro_micro_ros/src/firmware/src) by extensions ['ignore', 'ignore_ament_install']
[0.620s] Level 1:colcon.colcon_core.package_identification:_identify(/home/zyme/ros_ws/gyro/Gyro_micro_ros/src/firmware/src) by extension 'ignore'
[0.620s] Level 1:colcon.colcon_core.package_identification:_identify(/home/zyme/ros_ws/gyro/Gyro_micro_ros/src/firmware/src) by extension 'ignore_ament_install'
[0.620s] Level 1:colcon.colcon_core.package_identification:_identify(/home/zyme/ros_ws/gyro/Gyro_micro_ros/src/firmware/src) by extensions ['colcon_pkg']
[0.620s] Level 1:colcon.colcon_core.package_identification:_identify(/home/zyme/ros_ws/gyro/Gyro_micro_ros/src/firmware/src) by extension 'colcon_pkg'
[0.620s] Level 1:colcon.colcon_core.package_identification:_identify(/home/zyme/ros_ws/gyro/Gyro_micro_ros/src/firmware/src) by extensions ['colcon_meta']
[0.620s] Level 1:colcon.colcon_core.package_identification:_identify(/home/zyme/ros_ws/gyro/Gyro_micro_ros/src/firmware/src) by extension 'colcon_meta'
[0.620s] Level 1:colcon.colcon_core.package_identification:_identify(/home/zyme/ros_ws/gyro/Gyro_micro_ros/src/firmware/src) by extensions ['ros']
[0.620s] Level 1:colcon.colcon_core.package_identification:_identify(/home/zyme/ros_ws/gyro/Gyro_micro_ros/src/firmware/src) by extension 'ros'
[0.620s] Level 1:colcon.colcon_core.package_identification:_identify(/home/zyme/ros_ws/gyro/Gyro_micro_ros/src/firmware/src) by extensions ['cmake', 'python']
[0.620s] Level 1:colcon.colcon_core.package_identification:_identify(/home/zyme/ros_ws/gyro/Gyro_micro_ros/src/firmware/src) by extension 'cmake'
[0.620s] Level 1:colcon.colcon_core.package_identification:_identify(/home/zyme/ros_ws/gyro/Gyro_micro_ros/src/firmware/src) by extension 'python'
[0.620s] Level 1:colcon.colcon_core.package_identification:_identify(/home/zyme/ros_ws/gyro/Gyro_micro_ros/src/firmware/src) by extensions ['python_setup_py']
[0.620s] Level 1:colcon.colcon_core.package_identification:_identify(/home/zyme/ros_ws/gyro/Gyro_micro_ros/src/firmware/src) by extension 'python_setup_py'
[0.620s] Level 1:colcon.colcon_core.package_identification:_identify(/home/zyme/ros_ws/gyro/Gyro_micro_ros/src/firmware/test) by extensions ['ignore', 'ignore_ament_install']
[0.620s] Level 1:colcon.colcon_core.package_identification:_identify(/home/zyme/ros_ws/gyro/Gyro_micro_ros/src/firmware/test) by extension 'ignore'
[0.621s] Level 1:colcon.colcon_core.package_identification:_identify(/home/zyme/ros_ws/gyro/Gyro_micro_ros/src/firmware/test) by extension 'ignore_ament_install'
[0.621s] Level 1:colcon.colcon_core.package_identification:_identify(/home/zyme/ros_ws/gyro/Gyro_micro_ros/src/firmware/test) by extensions ['colcon_pkg']
[0.621s] Level 1:colcon.colcon_core.package_identification:_identify(/home/zyme/ros_ws/gyro/Gyro_micro_ros/src/firmware/test) by extension 'colcon_pkg'
[0.621s] Level 1:colcon.colcon_core.package_identification:_identify(/home/zyme/ros_ws/gyro/Gyro_micro_ros/src/firmware/test) by extensions ['colcon_meta']
[0.621s] Level 1:colcon.colcon_core.package_identification:_identify(/home/zyme/ros_ws/gyro/Gyro_micro_ros/src/firmware/test) by extension 'colcon_meta'
[0.621s] Level 1:colcon.colcon_core.package_identification:_identify(/home/zyme/ros_ws/gyro/Gyro_micro_ros/src/firmware/test) by extensions ['ros']
[0.621s] Level 1:colcon.colcon_core.package_identification:_identify(/home/zyme/ros_ws/gyro/Gyro_micro_ros/src/firmware/test) by extension 'ros'
[0.621s] Level 1:colcon.colcon_core.package_identification:_identify(/home/zyme/ros_ws/gyro/Gyro_micro_ros/src/firmware/test) by extensions ['cmake', 'python']
[0.621s] Level 1:colcon.colcon_core.package_identification:_identify(/home/zyme/ros_ws/gyro/Gyro_micro_ros/src/firmware/test) by extension 'cmake'
[0.621s] Level 1:colcon.colcon_core.package_identification:_identify(/home/zyme/ros_ws/gyro/Gyro_micro_ros/src/firmware/test) by extension 'python'
[0.621s] Level 1:colcon.colcon_core.package_identification:_identify(/home/zyme/ros_ws/gyro/Gyro_micro_ros/src/firmware/test) by extensions ['python_setup_py']
[0.621s] Level 1:colcon.colcon_core.package_identification:_identify(/home/zyme/ros_ws/gyro/Gyro_micro_ros/src/firmware/test) by extension 'python_setup_py'
[0.621s] Level 1:colcon.colcon_core.package_identification:_identify(/home/zyme/ros_ws/gyro/Gyro_micro_ros/src/gyro_micro_ros) by extensions ['ignore', 'ignore_ament_install']
[0.621s] Level 1:colcon.colcon_core.package_identification:_identify(/home/zyme/ros_ws/gyro/Gyro_micro_ros/src/gyro_micro_ros) by extension 'ignore'
[0.621s] Level 1:colcon.colcon_core.package_identification:_identify(/home/zyme/ros_ws/gyro/Gyro_micro_ros/src/gyro_micro_ros) by extension 'ignore_ament_install'
[0.621s] Level 1:colcon.colcon_core.package_identification:_identify(/home/zyme/ros_ws/gyro/Gyro_micro_ros/src/gyro_micro_ros) by extensions ['colcon_pkg']
[0.621s] Level 1:colcon.colcon_core.package_identification:_identify(/home/zyme/ros_ws/gyro/Gyro_micro_ros/src/gyro_micro_ros) by extension 'colcon_pkg'
[0.621s] Level 1:colcon.colcon_core.package_identification:_identify(/home/zyme/ros_ws/gyro/Gyro_micro_ros/src/gyro_micro_ros) by extensions ['colcon_meta']
[0.621s] Level 1:colcon.colcon_core.package_identification:_identify(/home/zyme/ros_ws/gyro/Gyro_micro_ros/src/gyro_micro_ros) by extension 'colcon_meta'
[0.621s] Level 1:colcon.colcon_core.package_identification:_identify(/home/zyme/ros_ws/gyro/Gyro_micro_ros/src/gyro_micro_ros) by extensions ['ros']
[0.621s] Level 1:colcon.colcon_core.package_identification:_identify(/home/zyme/ros_ws/gyro/Gyro_micro_ros/src/gyro_micro_ros) by extension 'ros'
[0.625s] DEBUG:colcon.colcon_core.package_identification:Package '/home/zyme/ros_ws/gyro/Gyro_micro_ros/src/gyro_micro_ros' with type 'ros.ament_cmake' and name 'gyro_micro_ros'
[0.625s] Level 1:colcon.colcon_core.package_identification:_identify(/home/zyme/ros_ws/gyro/Gyro_micro_ros/src/test_ws) by extensions ['ignore', 'ignore_ament_install']
[0.625s] Level 1:colcon.colcon_core.package_identification:_identify(/home/zyme/ros_ws/gyro/Gyro_micro_ros/src/test_ws) by extension 'ignore'
[0.625s] Level 1:colcon.colcon_core.package_identification:_identify(/home/zyme/ros_ws/gyro/Gyro_micro_ros/src/test_ws) by extension 'ignore_ament_install'
[0.625s] Level 1:colcon.colcon_core.package_identification:_identify(/home/zyme/ros_ws/gyro/Gyro_micro_ros/src/test_ws) by extensions ['colcon_pkg']
[0.625s] Level 1:colcon.colcon_core.package_identification:_identify(/home/zyme/ros_ws/gyro/Gyro_micro_ros/src/test_ws) by extension 'colcon_pkg'
[0.625s] Level 1:colcon.colcon_core.package_identification:_identify(/home/zyme/ros_ws/gyro/Gyro_micro_ros/src/test_ws) by extensions ['colcon_meta']
[0.625s] Level 1:colcon.colcon_core.package_identification:_identify(/home/zyme/ros_ws/gyro/Gyro_micro_ros/src/test_ws) by extension 'colcon_meta'
[0.625s] Level 1:colcon.colcon_core.package_identification:_identify(/home/zyme/ros_ws/gyro/Gyro_micro_ros/src/test_ws) by extensions ['ros']
[0.625s] Level 1:colcon.colcon_core.package_identification:_identify(/home/zyme/ros_ws/gyro/Gyro_micro_ros/src/test_ws) by extension 'ros'
[0.625s] Level 1:colcon.colcon_core.package_identification:_identify(/home/zyme/ros_ws/gyro/Gyro_micro_ros/src/test_ws) by extensions ['cmake', 'python']
[0.626s] Level 1:colcon.colcon_core.package_identification:_identify(/home/zyme/ros_ws/gyro/Gyro_micro_ros/src/test_ws) by extension 'cmake'
[0.626s] Level 1:colcon.colcon_core.package_identification:_identify(/home/zyme/ros_ws/gyro/Gyro_micro_ros/src/test_ws) by extension 'python'
[0.626s] Level 1:colcon.colcon_core.package_identification:_identify(/home/zyme/ros_ws/gyro/Gyro_micro_ros/src/test_ws) by extensions ['python_setup_py']
[0.626s] Level 1:colcon.colcon_core.package_identification:_identify(/home/zyme/ros_ws/gyro/Gyro_micro_ros/src/test_ws) by extension 'python_setup_py'
[0.626s] Level 1:colcon.colcon_core.package_discovery:discover_packages(recursive) using defaults
